生成启动时间为 2019/7/28 23:38:42。
     1>项目“c:\Users\染小熙的小屋\documents\visual studio 2013\Projects\C++0728-每日一题\C++0728-每日一题\C++0728-每日一题.vcxproj”在节点 2 上(Build 个目标)。
     1>ClCompile:
         C:\Program Files (x86)\Microsoft Visual Studio 12.0\VC\bin\CL.exe /c /ZI /nologo /W3 /WX- /sdl /Od /Oy- /D _UNICODE /D UNICODE /Gm /EHsc /RTC1 /MDd /GS /fp:precise /Zc:wchar_t /Zc:forScope /Fo"Debug\\" /Fd"Debug\vc120.pdb" /Gd /TP /analyze- /errorReport:prompt "24D 编程题.cpp"
         24D 编程题.cpp
     1>c:\users\染小熙的小屋\documents\visual studio 2013\projects\c++0728-每日一题\c++0728-每日一题\24d 编程题.cpp(29): error C2061: 语法错误: 标识符“vector”
     1>c:\users\染小熙的小屋\documents\visual studio 2013\projects\c++0728-每日一题\c++0728-每日一题\24d 编程题.cpp(57): fatal error C1075: 与左侧的 大括号“{”(位于“c:\users\染小熙的小屋\documents\visual studio 2013\projects\c++0728-每日一题\c++0728-每日一题\24d 编程题.cpp(29)”)匹配之前遇到文件结束
     1>已完成生成项目“c:\Users\染小熙的小屋\documents\visual studio 2013\Projects\C++0728-每日一题\C++0728-每日一题\C++0728-每日一题.vcxproj”(Build 个目标)的操作 - 失败。

生成失败。

已用时间 00:00:01.89
